<?xml version="1.0" encoding="UTF-8" standalone="no"?><testsuites><testsuite errors="0" failures="0" hostname="4df08c752a594fb5_samsung_GT-I9300" name="com.octo.android.robospice.test" tests="57" time="13,9000" timestamp="Thu Sep 20 13:48:09 CEST 2012"><properties>
[...]
</properties><testcase classname="com.octo.android.robospice.ContentManagerTest" name="testCancel" time="0,1040"/><testcase classname="com.octo.android.robospice.ContentManagerTest" name="testCancelAllRequests" time="0,1050"/><testcase classname="com.octo.android.robospice.ContentManagerTest" name="test_dontNotifyAnyRequestListeners" time="3,5790"/><testcase classname="com.octo.android.robospice.ContentManagerTest" name="test_dontNotifyRequestListenersForRequest" time="3,5780"/><testcase classname="com.octo.android.robospice.ContentManagerTest" name="test_executeContentRequest_shouldFailIfNotStarted" time="0,0520"/><testcase classname="com.octo.android.robospice.ContentManagerTest" name="test_executeContentRequest_shouldFailIfStartedFromContextWithNoService" time="0,0520"/><testcase classname="com.octo.android.robospice.ContentManagerTest" name="test_executeContentRequest_shouldFailIfStopped" time="0,0520"/><testcase classname="com.octo.android.robospice.ContentManagerTest" name="test_executeContentRequest_when_request_fails" time="0,0520"/><testcase classname="com.octo.android.robospice.ContentManagerTest" name="test_executeContentRequest_when_request_succeeds" time="0,0790"/><testcase classname="com.octo.android.robospice.ContentServiceTest" name="testAndroidTestCaseSetupProperly" time="0,0000"/><testcase classname="com.octo.android.robospice.ContentServiceTest" name="testBindable" time="0,0530"/><testcase classname="com.octo.android.robospice.ContentServiceTest" name="testServiceNotNull" time="0,0270"/><testcase classname="com.octo.android.robospice.ContentServiceTest" name="testServiceTestCaseSetUpProperly" time="0,0000"/><testcase classname="com.octo.android.robospice.persistence.CacheManagerTest" name="testAndroidTestCaseSetupProperly" time="0,0000"/><testcase classname="com.octo.android.robospice.persistence.CacheManagerTest" name="testEmptyDataPersistenceManager" time="0,0000"/><testcase classname="com.octo.android.robospice.persistence.CacheManagerTest" name="testGetDataClassPersistenceManager_returns_CacheManagerBusElement_in_order" time="0,0010"/><testcase classname="com.octo.android.robospice.persistence.CacheManagerTest" name="testRegisterDataClassPersistenceManager" time="0,0000"/><testcase classname="com.octo.android.robospice.persistence.CacheManagerTest" name="testUnRegisterDataClassPersistenceManager" time="0,0000"/><testcase classname="com.octo.android.robospice.persistence.file.InFileBigInputStreamObjectPersisterTest" name="testLoadDataFromCache_expired" time="0,0530"/><testcase classname="com.octo.android.robospice.persistence.file.InFileBigInputStreamObjectPersisterTest" name="testLoadDataFromCache_no_expiracy" time="0,0260"/><testcase classname="com.octo.android.robospice.persistence.file.InFileBigInputStreamObjectPersisterTest" name="testLoadDataFromCache_not_expired" time="0,0510"/><testcase classname="com.octo.android.robospice.persistence.file.InFileBigInputStreamObjectPersisterTest" name="testSaveDataToCacheAndReturnData" time="0,0260"/><testcase classname="com.octo.android.robospice.persistence.file.InFileInputStreamObjectPersisterTest" name="testLoadDataFromCache_expired" time="0,0530"/><testcase classname="com.octo.android.robospice.persistence.file.InFileInputStreamObjectPersisterTest" name="testLoadDataFromCache_no_expiracy" time="0,0530"/><testcase classname="com.octo.android.robospice.persistence.file.InFileInputStreamObjectPersisterTest" name="testLoadDataFromCache_not_expired" time="0,0250"/><testcase classname="com.octo.android.robospice.persistence.file.InFileInputStreamObjectPersisterTest" name="testSaveDataToCacheAndReturnData" time="0,0530"/><testcase classname="com.octo.android.robospice.persistence.file.InFileInputStreamObjectPersisterTest" name="testSaveDataToCacheAndReturnData_async" time="0,0520"/><testcase classname="com.octo.android.robospice.persistence.file.InFileObjectPersisterFactoryTest" name="testGetCachePrefix" time="0,0520"/><testcase classname="com.octo.android.robospice.persistence.file.InFileObjectPersisterFactoryTest" name="testRemoveAllDataFromCache" time="0,0530"/><testcase classname="com.octo.android.robospice.persistence.file.InFileObjectPersisterTest" name="testGetCachePrefix" time="0,0530"/><testcase classname="com.octo.android.robospice.persistence.file.InFileObjectPersisterTest" name="testRemoveAllDataFromCache" time="0,0270"/><testcase classname="com.octo.android.robospice.persistence.file.InFileObjectPersisterTest" name="testRemoveDataFromCache" time="0,0530"/><testcase classname="com.octo.android.robospice.persistence.file.InFileStringObjectPersisterTest" name="testLoadDataFromCache_expired" time="0,0000"/><testcase classname="com.octo.android.robospice.persistence.file.InFileStringObjectPersisterTest" name="testLoadDataFromCache_no_expiracy" time="0,0000"/><testcase classname="com.octo.android.robospice.persistence.file.InFileStringObjectPersisterTest" name="testLoadDataFromCache_not_expired" time="0,0000"/><testcase classname="com.octo.android.robospice.persistence.file.InFileStringObjectPersisterTest" name="testSaveDataToCacheAndReturnData" time="0,0000"/><testcase classname="com.octo.android.robospice.persistence.file.InFileStringObjectPersisterTest" name="testSaveDataToCacheAndReturnData_async" time="0,0010"/><testcase classname="com.octo.android.robospice.persistence.json.InFileWeatherPersisterTest" name="test_canHandleClientRequestStatus" time="0,0530"/><testcase classname="com.octo.android.robospice.persistence.json.InFileWeatherPersisterTest" name="test_loadDataFromCache_expired" time="0,1310"/><testcase classname="com.octo.android.robospice.persistence.json.InFileWeatherPersisterTest" name="test_loadDataFromCache_no_expiracy" time="0,4450"/><testcase classname="com.octo.android.robospice.persistence.json.InFileWeatherPersisterTest" name="test_loadDataFromCache_not_expired" time="0,4170"/><testcase classname="com.octo.android.robospice.persistence.json.InFileWeatherPersisterTest" name="test_saveDataAndReturnData" time="0,1580"/><testcase classname="com.octo.android.robospice.persistence.json.InFileWeatherPersisterTest" name="test_saveDataAndReturnData_async" time="0,1580"/><testcase classname="com.octo.android.robospice.request.RequestProcessorTest" name="testAddRequest_fail_on_error_true_when_nothing_is_found_in_cache" time="0,0530"/><testcase classname="com.octo.android.robospice.request.RequestProcessorTest" name="testAddRequest_when_cache_is_not_used" time="0,0260"/><testcase classname="com.octo.android.robospice.request.RequestProcessorTest" name="testAddRequest_when_fail_on_error_true_loading_from_cache_throws_exception" time="0,0530"/><testcase classname="com.octo.android.robospice.request.RequestProcessorTest" name="testAddRequest_when_fail_on_error_true_saving_to_cache_throws_exception" time="0,0520"/><testcase classname="com.octo.android.robospice.request.RequestProcessorTest" name="testAddRequest_when_nothing_is_found_in_cache_and_request_fails" time="0,0520"/><testcase classname="com.octo.android.robospice.request.RequestProcessorTest" name="testAddRequest_when_nothing_is_found_in_cache_and_request_succeeds" time="0,0530"/><testcase classname="com.octo.android.robospice.request.RequestProcessorTest" name="testAddRequest_when_saving_to_cache_throws_exception" time="0,0520"/><testcase classname="com.octo.android.robospice.request.RequestProcessorTest" name="testAddRequest_when_something_is_found_in_cache" time="0,0510"/><testcase classname="com.octo.android.robospice.request.RequestProcessorTest" name="testRemoveAllDataFromCache" time="0,0520"/><testcase classname="com.octo.android.robospice.request.RequestProcessorTest" name="testRemoveAllDataFromCache_for_given_class" time="0,0530"/><testcase classname="com.octo.android.robospice.request.RequestProcessorTest" name="testRemoveAllDataFromCache_for_given_class_and_cachekey" time="0,0530"/><testcase classname="com.octo.android.robospice.request.RequestProcessorTest" name="test_addRequest_with_2_requests_and_one_is_cancelled" time="0,0520"/><testcase classname="com.octo.android.robospice.request.RequestProcessorTest" name="test_dontNotifyRequestListenersForRequest_with_2_request_and_one_not_notified" time="3,1840"/><testcase classname="com.octo.android.robospice.request.SimpleTextRequestTest" name="test_loadDataFromNetwork" time="0,2350"/></testsuite></testsuites>